<?xml version="1.0" encoding="UTF-8"?>
<testng-results skipped="0" failed="0" ignored="0" total="1" passed="1">
  <reporter-output>
  </reporter-output>
  <suite name="Default suite" duration-ms="14586" started-at="2022-03-01T01:39:32 IST" finished-at="2022-03-01T01:39:47 IST">
    <groups>
    </groups>
    <test name="Default test" duration-ms="14586" started-at="2022-03-01T01:39:32 IST" finished-at="2022-03-01T01:39:47 IST">
      <class name="com.simplilearn.capstoneproject.ProductDetailsTest">
        <test-method status="PASS" signature="launchBrowser()[pri:0, instance:com.simplilearn.capstoneproject.ProductDetailsTest@15d9bc04]" name="launchBrowser" is-config="true" duration-ms="2341" started-at="2022-03-01T01:39:32 IST" finished-at="2022-03-01T01:39:34 IST">
          <reporter-output>
          </reporter-output>
        </test-method> <!-- launchBrowser -->
        <test-method status="PASS" signature="testProductDetails()[pri:0, instance:com.simplilearn.capstoneproject.ProductDetailsTest@15d9bc04]" name="testProductDetails" duration-ms="8139" started-at="2022-03-01T01:39:34 IST" finished-at="2022-03-01T01:39:43 IST">
          <reporter-output>
          </reporter-output>
        </test-method> <!-- testProductDetails -->
        <test-method status="PASS" signature="quitDriver()[pri:0, instance:com.simplilearn.capstoneproject.ProductDetailsTest@15d9bc04]" name="quitDriver" is-config="true" duration-ms="4088" started-at="2022-03-01T01:39:43 IST" finished-at="2022-03-01T01:39:47 IST">
          <reporter-output>
          </reporter-output>
        </test-method> <!-- quitDriver -->
      </class> <!-- com.simplilearn.capstoneproject.ProductDetailsTest -->
    </test> <!-- Default test -->
  </suite> <!-- Default suite -->
</testng-results>
